setting 'ivy.default.settings.dir' to 'jar:file:/C:/Program%20Files%20(x86)/scala/sbt/sbt-launch-0.7.4.jar!/org/apache/ivy/core/settings'
setting 'ivy.basedir' to 'F:\egon\code\etikkettenMaker\.'
setting 'ivy.default.conf.dir' to 'jar:file:/C:/Program%20Files%20(x86)/scala/sbt/sbt-launch-0.7.4.jar!/org/apache/ivy/core/settings'
impossible to define new type: class not found: org.apache.ivy.plugins.version.PatternVersionMatcher in [] nor Ivy classloader
impossible to define new type: class not found: org.apache.ivy.plugins.trigger.LogTrigger in [] nor Ivy classloader
impossible to define new type: class not found: org.apache.ivy.plugins.resolver.VsftpResolver in [] nor Ivy classloader
impossible to define new type: class not found: org.apache.ivy.plugins.conflict.RegexpConflictManager in [] nor Ivy classloader
impossible to define new type: class not found: org.apache.ivy.plugins.resolver.SshResolver in [] nor Ivy classloader
impossible to define new type: class not found: org.apache.ivy.plugins.resolver.VfsResolver in [] nor Ivy classloader
impossible to define new type: class not found: org.apache.ivy.plugins.resolver.SFTPResolver in [] nor Ivy classloader
impossible to define new type: class not found: org.apache.ivy.plugins.resolver.packager.PackagerResolver in [] nor Ivy classloader
impossible to define new type: class not found: org.apache.ivy.ant.AntCallTrigger in [] nor Ivy classloader
impossible to define new type: class not found: org.apache.ivy.plugins.resolver.IvyRepResolver in [] nor Ivy classloader
impossible to define new type: class not found: org.apache.ivy.ant.AntBuildTrigger in [] nor Ivy classloader
impossible to define glob matcher: org.apache.ivy.plugins.matcher.GlobPatternMatcher was not found.
setting 'java.runtime.name' to 'Java(TM) SE Runtime Environment'
setting 'sun.boot.library.path' to 'C:\Program Files (x86)\Java\jdk1.6.0_17\jre\bin'
setting 'java.vm.version' to '14.3-b01'
setting 'java.vm.vendor' to 'Sun Microsystems Inc.'
setting 'java.vendor.url' to 'http://java.sun.com/'
setting 'path.separator' to ';'
setting 'java.vm.name' to 'Java HotSpot(TM) Client VM'
setting 'file.encoding.pkg' to 'sun.io'
setting 'sun.java.launcher' to 'SUN_STANDARD'
setting 'user.country' to 'BE'
setting 'sun.os.patch.level' to 'Service Pack 2'
setting 'java.vm.specification.name' to 'Java Virtual Machine Specification'
setting 'user.dir' to 'F:\egon\code\etikkettenMaker'
setting 'java.runtime.version' to '1.6.0_17-b04'
setting 'java.awt.graphicsenv' to 'sun.awt.Win32GraphicsEnvironment'
setting 'java.endorsed.dirs' to 'C:\Program Files (x86)\Java\jdk1.6.0_17\jre\lib\endorsed'
setting 'os.arch' to 'x86'
setting 'java.io.tmpdir' to 'C:\Users\Egon\AppData\Local\Temp\'
setting 'line.separator' to '
'
setting 'java.vm.specification.vendor' to 'Sun Microsystems Inc.'
setting 'user.variant' to ''
setting 'os.name' to 'Windows Vista'
setting 'sun.jnu.encoding' to 'Cp1252'
setting 'java.library.path' to 'C:\Program Files (x86)\Java\jdk1.6.0_17\bin;.;C:\Windows\Sun\Java\bin;C:\Windows\system32;C:\Windows;C:\Windows\system32;C:\Windows;C:\Windows\System32\Wbem;C:\Program Files\Intel\DMIX;C:\Program Files (x86)\Belgium Identity Card;C:\Program Files\Intel\DMIX;C:\Program Files (x86)\scala\scala-2.7.5.final\bin;C:\Program Files (x86)\Java\jdk1.6.0_17\bin;C:\Program Files (x86)\apache-maven-2.2.1\bin;C:\Program Files (x86)\scala\sbt;C:\Program Files (x86)\scala\scalate-1.3\bin'
setting 'java.specification.name' to 'Java Platform API Specification'
setting 'java.class.version' to '50.0'
setting 'sun.management.compiler' to 'HotSpot Client Compiler'
setting 'os.version' to '6.0'
setting 'user.home' to 'C:\Users\Egon'
setting 'user.timezone' to 'Europe/Paris'
setting 'java.awt.printerjob' to 'sun.awt.windows.WPrinterJob'
setting 'file.encoding' to 'Cp1252'
setting 'java.specification.version' to '1.6'
setting 'java.class.path' to 'C:\Program Files (x86)\scala\sbt\sbt-launch-0.7.4.jar'
setting 'user.name' to 'Egon'
setting 'java.vm.specification.version' to '1.0'
setting 'java.home' to 'C:\Program Files (x86)\Java\jdk1.6.0_17\jre'
setting 'sun.arch.data.model' to '32'
setting 'user.language' to 'nl'
setting 'java.specification.vendor' to 'Sun Microsystems Inc.'
setting 'awt.toolkit' to 'sun.awt.windows.WToolkit'
setting 'java.vm.info' to 'mixed mode, sharing'
setting 'java.version' to '1.6.0_17'
setting 'java.ext.dirs' to 'C:\Program Files (x86)\Java\jdk1.6.0_17\jre\lib\ext;C:\Windows\Sun\Java\lib\ext'
setting 'sun.boot.class.path' to 'C:\Program Files (x86)\Java\jdk1.6.0_17\jre\lib\resources.jar;C:\Program Files (x86)\Java\jdk1.6.0_17\jre\lib\rt.jar;C:\Program Files (x86)\Java\jdk1.6.0_17\jre\lib\sunrsasign.jar;C:\Program Files (x86)\Java\jdk1.6.0_17\jre\lib\jsse.jar;C:\Program Files (x86)\Java\jdk1.6.0_17\jre\lib\jce.jar;C:\Program Files (x86)\Java\jdk1.6.0_17\jre\lib\charsets.jar;C:\Program Files (x86)\Java\jdk1.6.0_17\jre\classes'
setting 'java.vendor' to 'Sun Microsystems Inc.'
setting 'file.separator' to '\'
setting 'java.vendor.url.bug' to 'http://java.sun.com/cgi-bin/bugreport.cgi'
setting 'sun.io.unicode.encoding' to 'UnicodeLittle'
setting 'sun.cpu.endian' to 'little'
setting 'sun.desktop' to 'windows'
setting 'sun.cpu.isalist' to 'pentium_pro+mmx pentium_pro pentium+mmx pentium i486 i386 i86'
setting 'ivy.default.ivy.user.dir' to 'C:\Users\Egon\.ivy2'
setting 'ivy.home' to 'C:\Users\Egon\.ivy2'
no default ivy user dir defined: set to C:\Users\Egon\.ivy2
setting 'ivy.cache.dir' to 'C:\Users\Egon\.ivy2\cache'
no default cache defined: set to C:\Users\Egon\.ivy2\cache
setting 'ivy.basedir' to 'F:\egon\code\etikkettenMaker\project\boot'
setting 'basedir' to 'F:\egon\code\etikkettenMaker\project\boot'
setting 'scala' to '2.8.1'
:: resolving dependencies :: org.scala-tools.sbt#boot-scala;1.0
	confs: [default]
	validate = true
	refresh = false
resolving dependencies for configuration 'default'
== resolving dependencies for org.scala-tools.sbt#boot-scala;1.0 [default]
loadData of org.scala-tools.sbt#boot-scala;1.0 of rootConf=default
== resolving dependencies org.scala-tools.sbt#boot-scala;1.0->org.scala-lang#scala-compiler;2.8.1 [default->default]
loadData of org.scala-lang#scala-compiler;2.8.1 of rootConf=default
	using redefined-public to resolve org.scala-lang#scala-compiler;2.8.1
redefined-public: Checking cache for: dependency: org.scala-lang#scala-compiler;2.8.1 {default=[default]}
redefined-public: no namespace defined: using system
	no ivy file in cache for org.scala-lang#scala-compiler;2.8.1: tried C:\Users\Egon\.ivy2\cache\org.scala-lang\scala-compiler\ivy-2.8.1.xml
redefined-public: no latest strategy defined: using default
local: no namespace defined: using system
	no ivy file in cache for org.scala-lang#scala-compiler;2.8.1: tried C:\Users\Egon\.ivy2\cache\org.scala-lang\scala-compiler\ivy-2.8.1.xml
	 trying C:\Users\Egon\.ivy2/local/org.scala-lang/scala-compiler/2.8.1/ivys/ivy.xml
		tried C:\Users\Egon\.ivy2/local/org.scala-lang/scala-compiler/2.8.1/ivys/ivy.xml
	local: resource not reachable for org.scala-lang#scala-compiler;2.8.1: res=C:\Users\Egon\.ivy2\local\org.scala-lang\scala-compiler\2.8.1\ivys\ivy.xml
	 trying C:\Users\Egon\.ivy2/local/org.scala-lang/scala-compiler/2.8.1/jars/scala-compiler.jar
		tried C:\Users\Egon\.ivy2/local/org.scala-lang/scala-compiler/2.8.1/jars/scala-compiler.jar
	local: resource not reachable for org.scala-lang#scala-compiler;2.8.1: res=C:\Users\Egon\.ivy2\local\org.scala-lang\scala-compiler\2.8.1\jars\scala-compiler.jar
	local: no ivy file nor artifact found for org.scala-lang#scala-compiler;2.8.1
Maven2 Local: no namespace defined: using system
	no ivy file in cache for org.scala-lang#scala-compiler;2.8.1: tried C:\Users\Egon\.ivy2\cache\org.scala-lang\scala-compiler\ivy-2.8.1.xml
	 trying file://C:\Users\Egon/.m2/repository/org/scala-lang/scala-compiler/2.8.1/scala-compiler-2.8.1.pom
		tried file://C:\Users\Egon/.m2/repository/org/scala-lang/scala-compiler/2.8.1/scala-compiler-2.8.1.pom
	Maven2 Local: resource not reachable for org/scala-lang#scala-compiler;2.8.1: res=file://C:/Users/Egon/.m2/repository/org/scala-lang/scala-compiler/2.8.1/scala-compiler-2.8.1.pom
	 trying file://C:\Users\Egon/.m2/repository/org/scala-lang/scala-compiler/2.8.1/scala-compiler-2.8.1.jar
		tried file://C:\Users\Egon/.m2/repository/org/scala-lang/scala-compiler/2.8.1/scala-compiler-2.8.1.jar
	Maven2 Local: resource not reachable for org/scala-lang#scala-compiler;2.8.1: res=file://C:/Users/Egon/.m2/repository/org/scala-lang/scala-compiler/2.8.1/scala-compiler-2.8.1.jar
	Maven2 Local: no ivy file nor artifact found for org.scala-lang#scala-compiler;2.8.1
sbt-db: no namespace defined: using system
	no ivy file in cache for org.scala-lang#scala-compiler;2.8.1: tried C:\Users\Egon\.ivy2\cache\org.scala-lang\scala-compiler\ivy-2.8.1.xml
	 trying http://databinder.net/repo/org.scala-lang/scala-compiler/2.8.1/ivys/ivy.xml
		tried http://databinder.net/repo/org.scala-lang/scala-compiler/2.8.1/ivys/ivy.xml
HTTP response status: 404 url=http://databinder.net/repo/org.scala-lang/scala-compiler/2.8.1/ivys/ivy.xml
CLIENT ERROR: Not Found url=http://databinder.net/repo/org.scala-lang/scala-compiler/2.8.1/ivys/ivy.xml
	sbt-db: resource not reachable for org.scala-lang#scala-compiler;2.8.1: res=http://databinder.net/repo/org.scala-lang/scala-compiler/2.8.1/ivys/ivy.xml
	 trying http://databinder.net/repo/org.scala-lang/scala-compiler/2.8.1/jars/scala-compiler.jar
		tried http://databinder.net/repo/org.scala-lang/scala-compiler/2.8.1/jars/scala-compiler.jar
HTTP response status: 404 url=http://databinder.net/repo/org.scala-lang/scala-compiler/2.8.1/jars/scala-compiler.jar
CLIENT ERROR: Not Found url=http://databinder.net/repo/org.scala-lang/scala-compiler/2.8.1/jars/scala-compiler.jar
	sbt-db: resource not reachable for org.scala-lang#scala-compiler;2.8.1: res=http://databinder.net/repo/org.scala-lang/scala-compiler/2.8.1/jars/scala-compiler.jar
	sbt-db: no ivy file nor artifact found for org.scala-lang#scala-compiler;2.8.1
Maven Central: no namespace defined: using system
	no ivy file in cache for org.scala-lang#scala-compiler;2.8.1: tried C:\Users\Egon\.ivy2\cache\org.scala-lang\scala-compiler\ivy-2.8.1.xml
	 trying http://repo1.maven.org/maven2/org/scala-lang/scala-compiler/2.8.1/scala-compiler-2.8.1.pom
		tried http://repo1.maven.org/maven2/org/scala-lang/scala-compiler/2.8.1/scala-compiler-2.8.1.pom
	Maven Central: found md file for org.scala-lang#scala-compiler;2.8.1
		=> http://repo1.maven.org/maven2/org/scala-lang/scala-compiler/2.8.1/scala-compiler-2.8.1.pom (2.8.1)
	parser = pom parser
	no ivy file in cache for org.scala-lang#scala-compiler;2.8.1: tried C:\Users\Egon\.ivy2\cache\org.scala-lang\scala-compiler\ivy-2.8.1.xml
downloading http://repo1.maven.org/maven2/org/scala-lang/scala-compiler/2.8.1/scala-compiler-2.8.1.pom ...
	Maven Central: downloading http://repo1.maven.org/maven2/org/scala-lang/scala-compiler/2.8.1/scala-compiler-2.8.1.pom
		to C:\Users\Egon\.ivy2\cache\org.scala-lang\scala-compiler\ivy-2.8.1.xml.original.part
	[SUCCESSFUL ] org.scala-lang#scala-compiler;2.8.1!scala-compiler.pom(pom.original) (629ms)
	 trying C:\Users\Egon\.ivy2/local/org.scala-lang/scala-compiler/2.8.1/jars/scala-compiler.jar
		tried C:\Users\Egon\.ivy2/local/org.scala-lang/scala-compiler/2.8.1/jars/scala-compiler.jar
	local: resource not reachable for org.scala-lang#scala-compiler;2.8.1: res=C:\Users\Egon\.ivy2\local\org.scala-lang\scala-compiler\2.8.1\jars\scala-compiler.jar
	 trying file://C:\Users\Egon/.m2/repository/org/scala-lang/scala-compiler/2.8.1/scala-compiler-2.8.1.jar
		tried file://C:\Users\Egon/.m2/repository/org/scala-lang/scala-compiler/2.8.1/scala-compiler-2.8.1.jar
	Maven2 Local: resource not reachable for org/scala-lang#scala-compiler;2.8.1: res=file://C:/Users/Egon/.m2/repository/org/scala-lang/scala-compiler/2.8.1/scala-compiler-2.8.1.jar
	 trying http://databinder.net/repo/org.scala-lang/scala-compiler/2.8.1/jars/scala-compiler.jar
		tried http://databinder.net/repo/org.scala-lang/scala-compiler/2.8.1/jars/scala-compiler.jar
	sbt-db: resource not reachable for org.scala-lang#scala-compiler;2.8.1: res=http://databinder.net/repo/org.scala-lang/scala-compiler/2.8.1/jars/scala-compiler.jar
	 trying http://repo1.maven.org/maven2/org/scala-lang/scala-compiler/2.8.1/scala-compiler-2.8.1.jar
		tried http://repo1.maven.org/maven2/org/scala-lang/scala-compiler/2.8.1/scala-compiler-2.8.1.jar
	 trying C:\Users\Egon\.ivy2/local/org.scala-lang/scala-compiler/2.8.1/sources/scala-compiler-sources.jar
		tried C:\Users\Egon\.ivy2/local/org.scala-lang/scala-compiler/2.8.1/sources/scala-compiler-sources.jar
	local: resource not reachable for org.scala-lang#scala-compiler;2.8.1: res=C:\Users\Egon\.ivy2\local\org.scala-lang\scala-compiler\2.8.1\sources\scala-compiler-sources.jar
	 trying file://C:\Users\Egon/.m2/repository/org/scala-lang/scala-compiler/2.8.1/scala-compiler-2.8.1-sources.jar
		tried file://C:\Users\Egon/.m2/repository/org/scala-lang/scala-compiler/2.8.1/scala-compiler-2.8.1-sources.jar
	Maven2 Local: resource not reachable for org/scala-lang#scala-compiler;2.8.1: res=file://C:/Users/Egon/.m2/repository/org/scala-lang/scala-compiler/2.8.1/scala-compiler-2.8.1-sources.jar
	 trying http://databinder.net/repo/org.scala-lang/scala-compiler/2.8.1/sources/scala-compiler-sources.jar
		tried http://databinder.net/repo/org.scala-lang/scala-compiler/2.8.1/sources/scala-compiler-sources.jar
HTTP response status: 404 url=http://databinder.net/repo/org.scala-lang/scala-compiler/2.8.1/sources/scala-compiler-sources.jar
CLIENT ERROR: Not Found url=http://databinder.net/repo/org.scala-lang/scala-compiler/2.8.1/sources/scala-compiler-sources.jar
	sbt-db: resource not reachable for org.scala-lang#scala-compiler;2.8.1: res=http://databinder.net/repo/org.scala-lang/scala-compiler/2.8.1/sources/scala-compiler-sources.jar
	 trying http://repo1.maven.org/maven2/org/scala-lang/scala-compiler/2.8.1/scala-compiler-2.8.1-sources.jar
		tried http://repo1.maven.org/maven2/org/scala-lang/scala-compiler/2.8.1/scala-compiler-2.8.1-sources.jar
source artifact found for org.scala-lang#scala-compiler;2.8.1
	 trying C:\Users\Egon\.ivy2/local/org.scala-lang/scala-compiler/2.8.1/javadocs/scala-compiler-javadoc.jar
		tried C:\Users\Egon\.ivy2/local/org.scala-lang/scala-compiler/2.8.1/javadocs/scala-compiler-javadoc.jar
	local: resource not reachable for org.scala-lang#scala-compiler;2.8.1: res=C:\Users\Egon\.ivy2\local\org.scala-lang\scala-compiler\2.8.1\javadocs\scala-compiler-javadoc.jar
	 trying file://C:\Users\Egon/.m2/repository/org/scala-lang/scala-compiler/2.8.1/scala-compiler-2.8.1-javadoc.jar
		tried file://C:\Users\Egon/.m2/repository/org/scala-lang/scala-compiler/2.8.1/scala-compiler-2.8.1-javadoc.jar
	Maven2 Local: resource not reachable for org/scala-lang#scala-compiler;2.8.1: res=file://C:/Users/Egon/.m2/repository/org/scala-lang/scala-compiler/2.8.1/scala-compiler-2.8.1-javadoc.jar
	 trying http://databinder.net/repo/org.scala-lang/scala-compiler/2.8.1/javadocs/scala-compiler-javadoc.jar
		tried http://databinder.net/repo/org.scala-lang/scala-compiler/2.8.1/javadocs/scala-compiler-javadoc.jar
HTTP response status: 404 url=http://databinder.net/repo/org.scala-lang/scala-compiler/2.8.1/javadocs/scala-compiler-javadoc.jar
CLIENT ERROR: Not Found url=http://databinder.net/repo/org.scala-lang/scala-compiler/2.8.1/javadocs/scala-compiler-javadoc.jar
	sbt-db: resource not reachable for org.scala-lang#scala-compiler;2.8.1: res=http://databinder.net/repo/org.scala-lang/scala-compiler/2.8.1/javadocs/scala-compiler-javadoc.jar
	 trying http://repo1.maven.org/maven2/org/scala-lang/scala-compiler/2.8.1/scala-compiler-2.8.1-javadoc.jar
		tried http://repo1.maven.org/maven2/org/scala-lang/scala-compiler/2.8.1/scala-compiler-2.8.1-javadoc.jar
HTTP response status: 404 url=http://repo1.maven.org/maven2/org/scala-lang/scala-compiler/2.8.1/scala-compiler-2.8.1-javadoc.jar
CLIENT ERROR: Not Found url=http://repo1.maven.org/maven2/org/scala-lang/scala-compiler/2.8.1/scala-compiler-2.8.1-javadoc.jar
	Maven Central: resource not reachable for org/scala-lang#scala-compiler;2.8.1: res=http://repo1.maven.org/maven2/org/scala-lang/scala-compiler/2.8.1/scala-compiler-2.8.1-javadoc.jar
	 trying http://scala-tools.org/repo-releases/org/scala-lang/scala-compiler/2.8.1/scala-compiler-2.8.1-javadoc.jar
		tried http://scala-tools.org/repo-releases/org/scala-lang/scala-compiler/2.8.1/scala-compiler-2.8.1-javadoc.jar
HTTP response status: 404 url=http://scala-tools.org/repo-releases/org/scala-lang/scala-compiler/2.8.1/scala-compiler-2.8.1-javadoc.jar
CLIENT ERROR: Not Found url=http://scala-tools.org/repo-releases/org/scala-lang/scala-compiler/2.8.1/scala-compiler-2.8.1-javadoc.jar
	Scala-Tools Maven2 Repository: resource not reachable for org/scala-lang#scala-compiler;2.8.1: res=http://scala-tools.org/repo-releases/org/scala-lang/scala-compiler/2.8.1/scala-compiler-2.8.1-javadoc.jar
	 trying http://scala-tools.org/repo-snapshots/org/scala-lang/scala-compiler/2.8.1/scala-compiler-2.8.1-javadoc.jar
		tried http://scala-tools.org/repo-snapshots/org/scala-lang/scala-compiler/2.8.1/scala-compiler-2.8.1-javadoc.jar
HTTP response status: 404 url=http://scala-tools.org/repo-snapshots/org/scala-lang/scala-compiler/2.8.1/scala-compiler-2.8.1-javadoc.jar
CLIENT ERROR: Not Found url=http://scala-tools.org/repo-snapshots/org/scala-lang/scala-compiler/2.8.1/scala-compiler-2.8.1-javadoc.jar
	Scala-Tools Maven2 Snapshots Repository: resource not reachable for org/scala-lang#scala-compiler;2.8.1: res=http://scala-tools.org/repo-snapshots/org/scala-lang/scala-compiler/2.8.1/scala-compiler-2.8.1-javadoc.jar
no javadoc artifact found for org.scala-lang#scala-compiler;2.8.1
	default-cache: parsed downloaded md file for org.scala-lang#scala-compiler;2.8.1; parsed=org.scala-lang#scala-compiler;2.8.1
	checking org.scala-lang#scala-compiler;2.8.1 from Maven Central against [none]
	module revision kept as first found: org.scala-lang#scala-compiler;2.8.1 from Maven Central
	found org.scala-lang#scala-compiler;2.8.1 in Maven Central
== resolving dependencies org.scala-tools.sbt#boot-scala;1.0->org.scala-lang#scala-compiler;2.8.1 [default->runtime]
loadData of org.scala-lang#scala-compiler;2.8.1 of rootConf=default
== resolving dependencies org.scala-tools.sbt#boot-scala;1.0->org.scala-lang#scala-compiler;2.8.1 [default->compile]
loadData of org.scala-lang#scala-compiler;2.8.1 of rootConf=default
== resolving dependencies org.scala-lang#scala-compiler;2.8.1->org.scala-lang#scala-library;2.8.1 [compile->master(*)]
loadData of org.scala-lang#scala-library;2.8.1 of rootConf=default
	using redefined-public to resolve org.scala-lang#scala-library;2.8.1
redefined-public: Checking cache for: dependency: org.scala-lang#scala-library;2.8.1 {compile=[compile(*), master(*)], runtime=[runtime(*)]}
	no ivy file in cache for org.scala-lang#scala-library;2.8.1: tried C:\Users\Egon\.ivy2\cache\org.scala-lang\scala-library\ivy-2.8.1.xml
	no ivy file in cache for org.scala-lang#scala-library;2.8.1: tried C:\Users\Egon\.ivy2\cache\org.scala-lang\scala-library\ivy-2.8.1.xml
	 trying C:\Users\Egon\.ivy2/local/org.scala-lang/scala-library/2.8.1/ivys/ivy.xml
		tried C:\Users\Egon\.ivy2/local/org.scala-lang/scala-library/2.8.1/ivys/ivy.xml
	local: resource not reachable for org.scala-lang#scala-library;2.8.1: res=C:\Users\Egon\.ivy2\local\org.scala-lang\scala-library\2.8.1\ivys\ivy.xml
	 trying C:\Users\Egon\.ivy2/local/org.scala-lang/scala-library/2.8.1/jars/scala-library.jar
		tried C:\Users\Egon\.ivy2/local/org.scala-lang/scala-library/2.8.1/jars/scala-library.jar
	local: resource not reachable for org.scala-lang#scala-library;2.8.1: res=C:\Users\Egon\.ivy2\local\org.scala-lang\scala-library\2.8.1\jars\scala-library.jar
	local: no ivy file nor artifact found for org.scala-lang#scala-library;2.8.1
	no ivy file in cache for org.scala-lang#scala-library;2.8.1: tried C:\Users\Egon\.ivy2\cache\org.scala-lang\scala-library\ivy-2.8.1.xml
	 trying file://C:\Users\Egon/.m2/repository/org/scala-lang/scala-library/2.8.1/scala-library-2.8.1.pom
		tried file://C:\Users\Egon/.m2/repository/org/scala-lang/scala-library/2.8.1/scala-library-2.8.1.pom
	Maven2 Local: resource not reachable for org/scala-lang#scala-library;2.8.1: res=file://C:/Users/Egon/.m2/repository/org/scala-lang/scala-library/2.8.1/scala-library-2.8.1.pom
	 trying file://C:\Users\Egon/.m2/repository/org/scala-lang/scala-library/2.8.1/scala-library-2.8.1.jar
		tried file://C:\Users\Egon/.m2/repository/org/scala-lang/scala-library/2.8.1/scala-library-2.8.1.jar
	Maven2 Local: resource not reachable for org/scala-lang#scala-library;2.8.1: res=file://C:/Users/Egon/.m2/repository/org/scala-lang/scala-library/2.8.1/scala-library-2.8.1.jar
	Maven2 Local: no ivy file nor artifact found for org.scala-lang#scala-library;2.8.1
	no ivy file in cache for org.scala-lang#scala-library;2.8.1: tried C:\Users\Egon\.ivy2\cache\org.scala-lang\scala-library\ivy-2.8.1.xml
	 trying http://databinder.net/repo/org.scala-lang/scala-library/2.8.1/ivys/ivy.xml
		tried http://databinder.net/repo/org.scala-lang/scala-library/2.8.1/ivys/ivy.xml
HTTP response status: 404 url=http://databinder.net/repo/org.scala-lang/scala-library/2.8.1/ivys/ivy.xml
CLIENT ERROR: Not Found url=http://databinder.net/repo/org.scala-lang/scala-library/2.8.1/ivys/ivy.xml
	sbt-db: resource not reachable for org.scala-lang#scala-library;2.8.1: res=http://databinder.net/repo/org.scala-lang/scala-library/2.8.1/ivys/ivy.xml
	 trying http://databinder.net/repo/org.scala-lang/scala-library/2.8.1/jars/scala-library.jar
		tried http://databinder.net/repo/org.scala-lang/scala-library/2.8.1/jars/scala-library.jar
HTTP response status: 404 url=http://databinder.net/repo/org.scala-lang/scala-library/2.8.1/jars/scala-library.jar
CLIENT ERROR: Not Found url=http://databinder.net/repo/org.scala-lang/scala-library/2.8.1/jars/scala-library.jar
	sbt-db: resource not reachable for org.scala-lang#scala-library;2.8.1: res=http://databinder.net/repo/org.scala-lang/scala-library/2.8.1/jars/scala-library.jar
	sbt-db: no ivy file nor artifact found for org.scala-lang#scala-library;2.8.1
	no ivy file in cache for org.scala-lang#scala-library;2.8.1: tried C:\Users\Egon\.ivy2\cache\org.scala-lang\scala-library\ivy-2.8.1.xml
	 trying http://repo1.maven.org/maven2/org/scala-lang/scala-library/2.8.1/scala-library-2.8.1.pom
		tried http://repo1.maven.org/maven2/org/scala-lang/scala-library/2.8.1/scala-library-2.8.1.pom
	Maven Central: found md file for org.scala-lang#scala-library;2.8.1
		=> http://repo1.maven.org/maven2/org/scala-lang/scala-library/2.8.1/scala-library-2.8.1.pom (2.8.1)
	parser = pom parser
	no ivy file in cache for org.scala-lang#scala-library;2.8.1: tried C:\Users\Egon\.ivy2\cache\org.scala-lang\scala-library\ivy-2.8.1.xml
downloading http://repo1.maven.org/maven2/org/scala-lang/scala-library/2.8.1/scala-library-2.8.1.pom ...
	Maven Central: downloading http://repo1.maven.org/maven2/org/scala-lang/scala-library/2.8.1/scala-library-2.8.1.pom
		to C:\Users\Egon\.ivy2\cache\org.scala-lang\scala-library\ivy-2.8.1.xml.original.part
	[SUCCESSFUL ] org.scala-lang#scala-library;2.8.1!scala-library.pom(pom.original) (574ms)
	 trying C:\Users\Egon\.ivy2/local/org.scala-lang/scala-library/2.8.1/jars/scala-library.jar
		tried C:\Users\Egon\.ivy2/local/org.scala-lang/scala-library/2.8.1/jars/scala-library.jar
	local: resource not reachable for org.scala-lang#scala-library;2.8.1: res=C:\Users\Egon\.ivy2\local\org.scala-lang\scala-library\2.8.1\jars\scala-library.jar
	 trying file://C:\Users\Egon/.m2/repository/org/scala-lang/scala-library/2.8.1/scala-library-2.8.1.jar
		tried file://C:\Users\Egon/.m2/repository/org/scala-lang/scala-library/2.8.1/scala-library-2.8.1.jar
	Maven2 Local: resource not reachable for org/scala-lang#scala-library;2.8.1: res=file://C:/Users/Egon/.m2/repository/org/scala-lang/scala-library/2.8.1/scala-library-2.8.1.jar
	 trying http://databinder.net/repo/org.scala-lang/scala-library/2.8.1/jars/scala-library.jar
		tried http://databinder.net/repo/org.scala-lang/scala-library/2.8.1/jars/scala-library.jar
	sbt-db: resource not reachable for org.scala-lang#scala-library;2.8.1: res=http://databinder.net/repo/org.scala-lang/scala-library/2.8.1/jars/scala-library.jar
	 trying http://repo1.maven.org/maven2/org/scala-lang/scala-library/2.8.1/scala-library-2.8.1.jar
		tried http://repo1.maven.org/maven2/org/scala-lang/scala-library/2.8.1/scala-library-2.8.1.jar
	 trying C:\Users\Egon\.ivy2/local/org.scala-lang/scala-library/2.8.1/sources/scala-library-sources.jar
		tried C:\Users\Egon\.ivy2/local/org.scala-lang/scala-library/2.8.1/sources/scala-library-sources.jar
	local: resource not reachable for org.scala-lang#scala-library;2.8.1: res=C:\Users\Egon\.ivy2\local\org.scala-lang\scala-library\2.8.1\sources\scala-library-sources.jar
	 trying file://C:\Users\Egon/.m2/repository/org/scala-lang/scala-library/2.8.1/scala-library-2.8.1-sources.jar
		tried file://C:\Users\Egon/.m2/repository/org/scala-lang/scala-library/2.8.1/scala-library-2.8.1-sources.jar
	Maven2 Local: resource not reachable for org/scala-lang#scala-library;2.8.1: res=file://C:/Users/Egon/.m2/repository/org/scala-lang/scala-library/2.8.1/scala-library-2.8.1-sources.jar
	 trying http://databinder.net/repo/org.scala-lang/scala-library/2.8.1/sources/scala-library-sources.jar
		tried http://databinder.net/repo/org.scala-lang/scala-library/2.8.1/sources/scala-library-sources.jar
HTTP response status: 404 url=http://databinder.net/repo/org.scala-lang/scala-library/2.8.1/sources/scala-library-sources.jar
CLIENT ERROR: Not Found url=http://databinder.net/repo/org.scala-lang/scala-library/2.8.1/sources/scala-library-sources.jar
	sbt-db: resource not reachable for org.scala-lang#scala-library;2.8.1: res=http://databinder.net/repo/org.scala-lang/scala-library/2.8.1/sources/scala-library-sources.jar
	 trying http://repo1.maven.org/maven2/org/scala-lang/scala-library/2.8.1/scala-library-2.8.1-sources.jar
		tried http://repo1.maven.org/maven2/org/scala-lang/scala-library/2.8.1/scala-library-2.8.1-sources.jar
source artifact found for org.scala-lang#scala-library;2.8.1
	 trying C:\Users\Egon\.ivy2/local/org.scala-lang/scala-library/2.8.1/javadocs/scala-library-javadoc.jar
		tried C:\Users\Egon\.ivy2/local/org.scala-lang/scala-library/2.8.1/javadocs/scala-library-javadoc.jar
	local: resource not reachable for org.scala-lang#scala-library;2.8.1: res=C:\Users\Egon\.ivy2\local\org.scala-lang\scala-library\2.8.1\javadocs\scala-library-javadoc.jar
	 trying file://C:\Users\Egon/.m2/repository/org/scala-lang/scala-library/2.8.1/scala-library-2.8.1-javadoc.jar
		tried file://C:\Users\Egon/.m2/repository/org/scala-lang/scala-library/2.8.1/scala-library-2.8.1-javadoc.jar
	Maven2 Local: resource not reachable for org/scala-lang#scala-library;2.8.1: res=file://C:/Users/Egon/.m2/repository/org/scala-lang/scala-library/2.8.1/scala-library-2.8.1-javadoc.jar
	 trying http://databinder.net/repo/org.scala-lang/scala-library/2.8.1/javadocs/scala-library-javadoc.jar
		tried http://databinder.net/repo/org.scala-lang/scala-library/2.8.1/javadocs/scala-library-javadoc.jar
HTTP response status: 404 url=http://databinder.net/repo/org.scala-lang/scala-library/2.8.1/javadocs/scala-library-javadoc.jar
CLIENT ERROR: Not Found url=http://databinder.net/repo/org.scala-lang/scala-library/2.8.1/javadocs/scala-library-javadoc.jar
	sbt-db: resource not reachable for org.scala-lang#scala-library;2.8.1: res=http://databinder.net/repo/org.scala-lang/scala-library/2.8.1/javadocs/scala-library-javadoc.jar
	 trying http://repo1.maven.org/maven2/org/scala-lang/scala-library/2.8.1/scala-library-2.8.1-javadoc.jar
		tried http://repo1.maven.org/maven2/org/scala-lang/scala-library/2.8.1/scala-library-2.8.1-javadoc.jar
javadoc artifact found for org.scala-lang#scala-library;2.8.1
	default-cache: parsed downloaded md file for org.scala-lang#scala-library;2.8.1; parsed=org.scala-lang#scala-library;2.8.1
	checking org.scala-lang#scala-library;2.8.1 from Maven Central against [none]
	module revision kept as first found: org.scala-lang#scala-library;2.8.1 from Maven Central
	found org.scala-lang#scala-library;2.8.1 in Maven Central
== resolving dependencies org.scala-lang#scala-compiler;2.8.1->org.scala-lang#scala-library;2.8.1 [compile->compile(*)]
loadData of org.scala-lang#scala-library;2.8.1 of rootConf=default
== resolving dependencies org.scala-lang#scala-compiler;2.8.1->org.scala-lang#scala-library;2.8.1 [compile->default]
loadData of org.scala-lang#scala-library;2.8.1 of rootConf=default
== resolving dependencies org.scala-lang#scala-compiler;2.8.1->org.scala-lang#scala-library;2.8.1 [compile->runtime]
loadData of org.scala-lang#scala-library;2.8.1 of rootConf=default
== resolving dependencies org.scala-lang#scala-compiler;2.8.1->org.scala-lang#scala-library;2.8.1 [compile->compile]
loadData of org.scala-lang#scala-library;2.8.1 of rootConf=default
== resolving dependencies org.scala-lang#scala-compiler;2.8.1->org.scala-lang#scala-library;2.8.1 [compile->master]
loadData of org.scala-lang#scala-library;2.8.1 of rootConf=default
== resolving dependencies org.scala-lang#scala-compiler;2.8.1->org.scala-lang#scala-library;2.8.1 [runtime->runtime(*)]
loadData of org.scala-lang#scala-library;2.8.1 of rootConf=default
== resolving dependencies org.scala-lang#scala-compiler;2.8.1->org.scala-lang#scala-library;2.8.1 [runtime->compile]
loadData of org.scala-lang#scala-library;2.8.1 of rootConf=default
default is loaded and no conf to load.  Skip loading
== resolving dependencies org.scala-tools.sbt#boot-scala;1.0->org.scala-lang#scala-compiler;2.8.1 [default->master]
loadData of org.scala-lang#scala-compiler;2.8.1 of rootConf=default
== resolving dependencies org.scala-tools.sbt#boot-scala;1.0->org.scala-lang#scala-library;2.8.1 [default->default]
loadData of org.scala-lang#scala-library;2.8.1 of rootConf=default
default is loaded and no conf to load.  Skip loading
== resolving dependencies org.scala-tools.sbt#boot-scala;1.0->org.scala-lang#scala-library;2.8.1 [default->runtime]
loadData of org.scala-lang#scala-library;2.8.1 of rootConf=default
default is loaded and no conf to load.  Skip loading
== resolving dependencies org.scala-tools.sbt#boot-scala;1.0->org.scala-lang#scala-library;2.8.1 [default->compile]
loadData of org.scala-lang#scala-library;2.8.1 of rootConf=default
default is loaded and no conf to load.  Skip loading
== resolving dependencies org.scala-tools.sbt#boot-scala;1.0->org.scala-lang#scala-library;2.8.1 [default->master]
loadData of org.scala-lang#scala-library;2.8.1 of rootConf=default
default is loaded and no conf to load.  Skip loading
Nbr of module to sort : 2
Sort dependencies of : org.scala-lang#scala-compiler;2.8.1 / Number of dependencies = 2
Sort dependencies of : org.scala-lang#scala-library;2.8.1 / Number of dependencies = 0
Sort done for : org.scala-lang#scala-library;2.8.1
Sort done for : org.scala-lang#scala-compiler;2.8.1
Module descriptor is processed : org.scala-lang#scala-library;2.8.1
	resolved ivy file produced in C:\Users\Egon\.ivy2\cache\resolved-org.scala-tools.sbt-boot-scala-1.0.xml
:: downloading artifacts ::
	 trying http://repo1.maven.org/maven2/org/scala-lang/scala-compiler/2.8.1/scala-compiler-2.8.1.jar
		tried http://repo1.maven.org/maven2/org/scala-lang/scala-compiler/2.8.1/scala-compiler-2.8.1.jar
downloading http://repo1.maven.org/maven2/org/scala-lang/scala-compiler/2.8.1/scala-compiler-2.8.1.jar ...
	Maven Central: downloading http://repo1.maven.org/maven2/org/scala-lang/scala-compiler/2.8.1/scala-compiler-2.8.1.jar
		to C:\Users\Egon\.ivy2\cache\org.scala-lang\scala-compiler\jars\scala-compiler-2.8.1.jar.part
	[SUCCESSFUL ] org.scala-lang#scala-compiler;2.8.1!scala-compiler.jar (19054ms)
	 trying http://repo1.maven.org/maven2/org/scala-lang/scala-library/2.8.1/scala-library-2.8.1.jar
		tried http://repo1.maven.org/maven2/org/scala-lang/scala-library/2.8.1/scala-library-2.8.1.jar
downloading http://repo1.maven.org/maven2/org/scala-lang/scala-library/2.8.1/scala-library-2.8.1.jar ...
	Maven Central: downloading http://repo1.maven.org/maven2/org/scala-lang/scala-library/2.8.1/scala-library-2.8.1.jar
		to C:\Users\Egon\.ivy2\cache\org.scala-lang\scala-library\jars\scala-library-2.8.1.jar.part
	[SUCCESSFUL ] org.scala-lang#scala-library;2.8.1!scala-library.jar (12713ms)
:: resolution report :: resolve 12906ms :: artifacts dl 31771ms
Nbr of module to sort : 2
Sort dependencies of : org.scala-lang#scala-compiler;2.8.1 / Number of dependencies = 2
Sort dependencies of : org.scala-lang#scala-library;2.8.1 / Number of dependencies = 0
Sort done for : org.scala-lang#scala-library;2.8.1
Sort done for : org.scala-lang#scala-compiler;2.8.1
Module descriptor is processed : org.scala-lang#scala-library;2.8.1
	report for org.scala-tools.sbt#boot-scala;1.0 default produced in C:\Users\Egon\.ivy2\cache\org.scala-tools.sbt-boot-scala-default.xml
	resolve done (12906ms resolve - 31771ms download)
:: retrieving :: org.scala-tools.sbt#boot-scala
	checkUpToDate=true
no explicit confs given for retrieve, using ivy file: C:\Users\Egon\.ivy2\cache\resolved-org.scala-tools.sbt-boot-scala-1.0.xml
using ivy parser to parse C:\Users\Egon\.ivy2\cache\resolved-org.scala-tools.sbt-boot-scala-1.0.xml
pre 1.3 ivy file: using exactOrRegexp as default matcher
	confs: [default]
	retrieving C:\Users\Egon\.ivy2\cache\org.scala-lang\scala-library\jars\scala-library-2.8.1.jar
		to F:\egon\code\etikkettenMaker\project\boot\scala-2.8.1\lib\scala-library.jar
	retrieving C:\Users\Egon\.ivy2\cache\org.scala-lang\scala-compiler\jars\scala-compiler-2.8.1.jar
		to F:\egon\code\etikkettenMaker\project\boot\scala-2.8.1\lib\scala-compiler.jar
	2 artifacts copied, 0 already retrieved (15118kB/912ms)
	retrieve done (912ms)
